<?xml version="1.0" encoding="UTF-8"?>
<!-- Generated by org.testng.reporters.JUnitReportReporter -->
<testsuite hostname="DESKTOP-OQ5TDF0" failures="0" tests="1" name="test.Shopperstop_test" time="59.810" errors="0" timestamp="2023-11-06T09:13:07 IST" skipped="0">
  <testcase classname="test.Shopperstop_test" name="test" time="59.810"/>
  <system-out/>
</testsuite> <!-- test.Shopperstop_test -->
