<?xml version="1.0" encoding="UTF-8"?>
<!-- Generated by org.testng.reporters.JUnitReportReporter -->
<testsuite hostname="DESKTOP-OQ5TDF0" failures="0" tests="1" name="test.Ajio_test" time="13.038" errors="0" timestamp="2023-10-21T22:05:57 IST" skipped="0">
  <testcase classname="test.Ajio_test" name="test" time="13.038"/>
  <system-out/>
</testsuite> <!-- test.Ajio_test -->
